<?xml version="1.0" encoding="UTF-8"?>
<testng-results skipped="0" failed="0" ignored="0" total="1" passed="1">
  <reporter-output>
  </reporter-output>
  <suite name="kadam" duration-ms="26170" started-at="2019-05-10T11:37:10Z" finished-at="2019-05-10T11:37:36Z">
    <groups>
    </groups>
    <test name="BankingApp Test" duration-ms="26170" started-at="2019-05-10T11:37:10Z" finished-at="2019-05-10T11:37:36Z">
      <class name="com.interbanking.testCases.TC_AddCustomerTest_003">
        <test-method status="PASS" signature="setup(java.lang.String)[pri:0, instance:com.interbanking.testCases.TC_AddCustomerTest_003@4cb2c100]" name="setup" is-config="true" duration-ms="7167" started-at="2019-05-10T11:37:10Z" finished-at="2019-05-10T11:37:17Z">
          <params>
            <param index="0">
              <value>
                <![CDATA[chrome]]>
              </value>
            </param>
          </params>
          <reporter-output>
          </reporter-output>
        </test-method> <!-- setup -->
        <test-method status="PASS" signature="addNewCustomer()[pri:0, instance:com.interbanking.testCases.TC_AddCustomerTest_003@4cb2c100]" name="addNewCustomer" duration-ms="17787" started-at="2019-05-10T11:37:17Z" finished-at="2019-05-10T11:37:35Z">
          <reporter-output>
          </reporter-output>
        </test-method> <!-- addNewCustomer -->
        <test-method status="PASS" signature="tearDown()[pri:0, instance:com.interbanking.testCases.TC_AddCustomerTest_003@4cb2c100]" name="tearDown" is-config="true" duration-ms="939" started-at="2019-05-10T11:37:35Z" finished-at="2019-05-10T11:37:36Z">
          <reporter-output>
          </reporter-output>
        </test-method> <!-- tearDown -->
      </class> <!-- com.interbanking.testCases.TC_AddCustomerTest_003 -->
    </test> <!-- BankingApp Test -->
  </suite> <!-- kadam -->
</testng-results>
